2022-05-19 02:22:17.319 [INFO ] [main] Logs - clicked successfully
2022-05-19 02:22:20.728 [INFO ] [main] Logs - clicked successfully
2022-05-19 02:22:24.607 [INFO ] [main] Logs - clicked successfully
2022-05-19 02:22:47.129 [INFO ] [main] Logs - successfully clicked
2022-05-19 02:22:51.196 [INFO ] [main] Logs - successfully closed
2022-05-19 02:22:59.786 [INFO ] [main] Logs - successfully clicked
2022-05-19 02:23:00.882 [INFO ] [main] Logs - entered successfully
2022-05-19 02:23:04.045 [INFO ] [main] Logs - successfully got
2022-05-19 02:23:04.480 [INFO ] [main] Logs - successfully hovered
2022-05-19 02:23:06.934 [INFO ] [main] Logs - successfully checked
2022-05-19 02:23:09.096 [INFO ] [main] Logs - successfully got
2022-05-19 02:23:17.071 [INFO ] [main] Logs - successfully entered
2022-05-19 02:23:19.628 [INFO ] [main] Logs - successfully clicked
2022-05-19 02:24:09.653 [INFO ] [main] Logs - clicked successfully
2022-05-19 02:24:09.821 [INFO ] [main] Logs - hovered successfully
2022-05-19 02:24:10.159 [INFO ] [main] Logs - choosed successfully
2022-05-19 02:24:12.924 [INFO ] [main] Logs - clicked
2022-05-19 02:24:50.336 [INFO ] [main] Logs - clicked successfully
2022-05-19 02:24:50.793 [INFO ] [main] Logs - hovered successfully
2022-05-19 02:24:50.986 [INFO ] [main] Logs - choosed successfully
2022-05-19 02:24:53.238 [INFO ] [main] Logs - clicked
2022-05-19 02:25:13.943 [INFO ] [main] Logs - clicked successfully
2022-05-19 02:25:15.713 [DEBUG] [main] Logs - clicked  successfully
2022-05-19 02:25:51.328 [INFO ] [main] Logs - hover successfully
2022-05-19 02:25:56.482 [INFO ] [main] Logs - clicked successfully
2022-05-19 02:25:59.324 [INFO ] [main] Logs - closed successfully
2022-05-19 02:25:59.849 [INFO ] [main] Logs - hovered successfully
2022-05-19 02:26:03.236 [INFO ] [main] Logs - addedd on cart successfully
2022-05-19 02:26:08.853 [INFO ] [main] Logs - added successfully
2022-05-19 02:26:14.233 [INFO ] [main] Logs - quantity selected successfully
2022-05-19 02:26:14.503 [INFO ] [main] Logs - text got successfully
2022-05-19 02:26:14.646 [INFO ] [main] Logs - checkout successfully
2022-05-19 02:26:41.986 [DEBUG] [main] Logs - clicked successfully
2022-05-19 02:26:42.182 [DEBUG] [main] Logs - verified text
2022-05-19 02:26:44.258 [DEBUG] [main] Logs - clicked on customer stories
2022-05-19 02:26:44.311 [DEBUG] [main] Logs - successfully got customer response
2022-05-19 02:27:11.743 [DEBUG] [main] Logs - clicked successfully
2022-05-19 02:27:14.921 [DEBUG] [main] Logs - text sended successfully
2022-05-19 02:27:20.290 [INFO ] [main] Logs - entered successfully
2022-05-19 02:27:23.643 [DEBUG] [main] Logs - popup closed successfully
2022-05-19 02:28:35.091 [DEBUG] [main] Logs - popup closed successfully
