2022-05-19 11:07:24.095 [INFO ] [main] Logs - clicked successfully
2022-05-19 11:07:27.508 [INFO ] [main] Logs - clicked successfully
2022-05-19 11:07:30.697 [INFO ] [main] Logs - clicked successfully
2022-05-19 11:12:59.736 [INFO ] [main] Logs - clicked successfully
2022-05-19 11:12:59.968 [INFO ] [main] Logs - hovered successfully
2022-05-19 11:13:00.265 [INFO ] [main] Logs - choosed successfully
2022-05-19 11:13:00.371 [INFO ] [main] Logs - got successfully
2022-05-19 11:13:01.610 [INFO ] [main] Logs - selected successfully
2022-05-19 11:13:01.714 [INFO ] [main] Logs - clicked successfully
2022-05-19 11:13:01.737 [INFO ] [main] Logs - title got successfully
2022-05-19 11:13:01.947 [INFO ] [main] Logs - entered receipnt name
2022-05-19 11:13:02.094 [INFO ] [main] Logs - entered receipnt mail
2022-05-19 11:13:02.314 [INFO ] [main] Logs - entered customer name
2022-05-19 11:13:02.479 [INFO ] [main] Logs - entered customer mail
2022-05-19 11:13:02.660 [INFO ] [main] Logs - entered phone no
2022-05-19 11:13:02.718 [INFO ] [main] Logs - clicked
2022-05-19 11:13:37.546 [INFO ] [main] Logs - clicked successfully
2022-05-19 11:13:38.508 [INFO ] [main] Logs - hovered successfully
2022-05-19 11:13:38.837 [INFO ] [main] Logs - choosed successfully
2022-05-19 11:13:38.905 [INFO ] [main] Logs - got successfully
2022-05-19 11:13:39.851 [INFO ] [main] Logs - selected successfully
2022-05-19 11:13:40.055 [INFO ] [main] Logs - clicked successfully
2022-05-19 11:13:40.062 [INFO ] [main] Logs - title got successfully
2022-05-19 11:13:40.460 [INFO ] [main] Logs - entered receipnt name
2022-05-19 11:13:40.604 [INFO ] [main] Logs - entered receipnt mail
2022-05-19 11:13:40.772 [INFO ] [main] Logs - entered customer name
2022-05-19 11:13:40.908 [INFO ] [main] Logs - entered customer mail
2022-05-19 11:13:41.061 [INFO ] [main] Logs - entered phone no
2022-05-19 11:13:41.100 [INFO ] [main] Logs - clicked
2022-05-19 11:14:19.321 [INFO ] [main] Logs - clicked successfully
2022-05-19 11:14:21.248 [DEBUG] [main] Logs - clicked  successfully
2022-05-19 11:14:21.360 [INFO ] [main] Logs - got successfully
2022-05-19 11:15:07.124 [INFO ] [main] Logs - hover successfully
2022-05-19 11:15:17.211 [INFO ] [main] Logs - clicked successfully
2022-05-19 11:15:17.586 [INFO ] [main] Logs - closed successfully
2022-05-19 11:15:17.906 [INFO ] [main] Logs - hovered successfully
2022-05-19 11:15:24.758 [INFO ] [main] Logs - addedd on cart successfully
2022-05-19 11:15:35.023 [INFO ] [main] Logs - added successfully
2022-05-19 11:15:38.970 [INFO ] [main] Logs - quantity selected successfully
2022-05-19 11:15:39.067 [INFO ] [main] Logs - text got successfully
2022-05-19 11:15:39.195 [INFO ] [main] Logs - checkout successfully
2022-05-19 11:15:45.066 [INFO ] [main] Logs - checkout successfully
2022-05-19 11:15:45.476 [INFO ] [main] Logs - sent successfully
2022-05-19 11:15:45.747 [INFO ] [main] Logs - sent successfully
2022-05-19 11:15:46.114 [INFO ] [main] Logs - sent successfully
2022-05-19 11:15:46.534 [INFO ] [main] Logs - sent successfully
2022-05-19 11:16:44.533 [DEBUG] [main] Logs - clicked successfully
2022-05-19 11:16:44.600 [DEBUG] [main] Logs - verified text
2022-05-19 11:16:47.118 [DEBUG] [main] Logs - clicked on customer stories
2022-05-19 11:16:47.168 [DEBUG] [main] Logs - successfully got customer response
2022-05-19 11:19:49.971 [DEBUG] [main] Logs - clicked successfully
2022-05-19 11:19:53.237 [DEBUG] [main] Logs - text sended successfully
2022-05-19 11:20:07.653 [INFO ] [main] Logs - entered successfully
2022-05-19 11:20:11.418 [DEBUG] [main] Logs - popup closed successfully
2022-05-19 11:20:14.840 [INFO ] [main] Logs - verified successfully
2022-05-19 11:20:45.393 [INFO ] [main] Logs - hovered successfully
2022-05-19 11:20:55.044 [INFO ] [main] Logs - clicked successfully
2022-05-19 11:20:55.543 [DEBUG] [main] Logs - popup closed successfully
2022-05-19 11:20:55.543 [INFO ] [main] Logs - closed successfully
2022-05-19 11:20:56.214 [INFO ] [main] Logs - hovered successfully
2022-05-19 11:20:56.859 [INFO ] [main] Logs - clicked successfully
2022-05-19 11:22:34.518 [INFO ] [main] Logs - clicked successfully
2022-05-19 11:22:39.954 [INFO ] [main] Logs - clicked successfully
