2022-05-19 10:57:11.297 [INFO ] [main] Logs - clicked successfully
2022-05-19 10:57:14.512 [INFO ] [main] Logs - clicked successfully
2022-05-19 10:57:17.725 [INFO ] [main] Logs - clicked successfully
2022-05-19 10:57:44.170 [INFO ] [main] Logs - successfully clicked
2022-05-19 10:57:47.417 [INFO ] [main] Logs - successfully closed
2022-05-19 10:57:55.376 [INFO ] [main] Logs - successfully clicked
2022-05-19 10:57:55.727 [INFO ] [main] Logs - entered successfully
2022-05-19 10:57:58.784 [INFO ] [main] Logs - successfully got
2022-05-19 10:57:58.960 [INFO ] [main] Logs - successfully hovered
2022-05-19 10:58:01.118 [INFO ] [main] Logs - successfully checked
2022-05-19 10:58:03.204 [INFO ] [main] Logs - successfully got
2022-05-19 10:58:06.413 [INFO ] [main] Logs - successfully entered
2022-05-19 10:58:08.586 [INFO ] [main] Logs - successfully clicked
2022-05-19 10:58:31.230 [INFO ] [main] Logs - clicked successfully
2022-05-19 10:58:31.388 [INFO ] [main] Logs - hovered successfully
2022-05-19 10:58:31.540 [INFO ] [main] Logs - choosed successfully
2022-05-19 10:58:31.639 [INFO ] [main] Logs - got successfully
2022-05-19 10:58:32.270 [INFO ] [main] Logs - selected successfully
2022-05-19 10:58:32.369 [INFO ] [main] Logs - clicked successfully
2022-05-19 10:58:32.392 [INFO ] [main] Logs - title got successfully
2022-05-19 10:58:32.579 [INFO ] [main] Logs - entered receipnt name
2022-05-19 10:58:32.719 [INFO ] [main] Logs - entered receipnt mail
2022-05-19 10:58:32.885 [INFO ] [main] Logs - entered customer name
2022-05-19 10:58:33.045 [INFO ] [main] Logs - entered customer mail
2022-05-19 10:58:33.210 [INFO ] [main] Logs - entered phone no
2022-05-19 10:58:33.234 [INFO ] [main] Logs - clicked
2022-05-19 10:59:03.174 [INFO ] [main] Logs - clicked successfully
2022-05-19 10:59:03.326 [INFO ] [main] Logs - hovered successfully
2022-05-19 10:59:03.516 [INFO ] [main] Logs - choosed successfully
2022-05-19 10:59:03.627 [INFO ] [main] Logs - got successfully
2022-05-19 10:59:04.229 [INFO ] [main] Logs - selected successfully
2022-05-19 10:59:04.327 [INFO ] [main] Logs - clicked successfully
2022-05-19 10:59:04.343 [INFO ] [main] Logs - title got successfully
2022-05-19 10:59:04.500 [INFO ] [main] Logs - entered receipnt name
2022-05-19 10:59:04.633 [INFO ] [main] Logs - entered receipnt mail
2022-05-19 10:59:04.827 [INFO ] [main] Logs - entered customer name
2022-05-19 10:59:04.998 [INFO ] [main] Logs - entered customer mail
2022-05-19 10:59:05.176 [INFO ] [main] Logs - entered phone no
2022-05-19 10:59:05.212 [INFO ] [main] Logs - clicked
2022-05-19 10:59:25.004 [INFO ] [main] Logs - clicked successfully
2022-05-19 10:59:26.328 [DEBUG] [main] Logs - clicked  successfully
2022-05-19 10:59:26.377 [INFO ] [main] Logs - got successfully
2022-05-19 10:59:56.129 [INFO ] [main] Logs - hover successfully
2022-05-19 11:00:02.877 [INFO ] [main] Logs - clicked successfully
2022-05-19 11:00:04.211 [INFO ] [main] Logs - closed successfully
2022-05-19 11:00:04.693 [INFO ] [main] Logs - hovered successfully
2022-05-19 11:00:08.346 [INFO ] [main] Logs - addedd on cart successfully
2022-05-19 11:00:13.104 [INFO ] [main] Logs - added successfully
2022-05-19 11:00:22.168 [INFO ] [main] Logs - quantity selected successfully
2022-05-19 11:00:22.371 [INFO ] [main] Logs - text got successfully
2022-05-19 11:00:22.571 [INFO ] [main] Logs - checkout successfully
2022-05-19 11:00:27.833 [INFO ] [main] Logs - checkout successfully
2022-05-19 11:00:28.017 [INFO ] [main] Logs - sent successfully
2022-05-19 11:00:28.191 [INFO ] [main] Logs - sent successfully
2022-05-19 11:00:28.340 [INFO ] [main] Logs - sent successfully
2022-05-19 11:00:28.529 [INFO ] [main] Logs - sent successfully
2022-05-19 11:00:49.855 [DEBUG] [main] Logs - clicked successfully
2022-05-19 11:00:49.943 [DEBUG] [main] Logs - verified text
2022-05-19 11:00:50.110 [DEBUG] [main] Logs - clicked on customer stories
2022-05-19 11:01:24.420 [DEBUG] [main] Logs - clicked successfully
2022-05-19 11:01:27.626 [DEBUG] [main] Logs - text sended successfully
2022-05-19 11:01:34.057 [INFO ] [main] Logs - entered successfully
2022-05-19 11:01:37.285 [DEBUG] [main] Logs - popup closed successfully
2022-05-19 11:01:40.397 [INFO ] [main] Logs - verified successfully
