2022-05-19 12:04:57.254 [INFO ] [main] Logs - clicked successfully
2022-05-19 12:05:01.344 [INFO ] [main] Logs - clicked successfully
2022-05-19 12:05:07.117 [INFO ] [main] Logs - clicked successfully
2022-05-19 12:07:05.984 [INFO ] [main] Logs - successfully clicked
2022-05-19 12:07:09.888 [INFO ] [main] Logs - successfully closed
2022-05-19 12:07:20.640 [INFO ] [main] Logs - successfully clicked
2022-05-19 12:07:22.513 [INFO ] [main] Logs - entered successfully
2022-05-19 12:07:25.571 [INFO ] [main] Logs - successfully got
2022-05-19 12:07:26.008 [INFO ] [main] Logs - successfully hovered
2022-05-19 12:07:28.442 [INFO ] [main] Logs - successfully checked
2022-05-19 12:07:33.117 [INFO ] [main] Logs - successfully got
2022-05-19 12:07:52.179 [INFO ] [main] Logs - successfully entered
2022-05-19 12:07:54.539 [INFO ] [main] Logs - successfully clicked
2022-05-19 12:09:36.523 [INFO ] [main] Logs - clicked successfully
2022-05-19 12:09:36.905 [INFO ] [main] Logs - hovered successfully
2022-05-19 12:09:37.049 [INFO ] [main] Logs - choosed successfully
2022-05-19 12:09:37.108 [INFO ] [main] Logs - got successfully
2022-05-19 12:09:40.225 [INFO ] [main] Logs - selected successfully
2022-05-19 12:09:40.339 [INFO ] [main] Logs - clicked successfully
2022-05-19 12:09:40.375 [INFO ] [main] Logs - title got successfully
2022-05-19 12:09:41.315 [INFO ] [main] Logs - entered receipnt name
2022-05-19 12:09:41.745 [INFO ] [main] Logs - entered receipnt mail
2022-05-19 12:09:42.197 [INFO ] [main] Logs - entered customer name
2022-05-19 12:09:42.369 [INFO ] [main] Logs - entered customer mail
2022-05-19 12:09:42.524 [INFO ] [main] Logs - entered phone no
2022-05-19 12:09:42.553 [INFO ] [main] Logs - clicked
